<?xml version="1.0" encoding="UTF-8"?>
<!-- Generated by org.testng.reporters.JUnitReportReporter -->
<testsuite hostname="LAPTOP-3VF10M9V" failures="0" tests="2" name="com.TestNG.TestngLoadTesting" time="3.131" errors="0" timestamp="2022-11-16T22:45:26 EST" skipped="0">
  <testcase classname="com.TestNG.TestngLoadTesting" name="simpletest" time="0.010"/>
  <system-out/>
  <testcase classname="com.TestNG.TestngLoadTesting" name="f" time="3.121"/>
  <system-out/>
</testsuite> <!-- com.TestNG.TestngLoadTesting -->
