<?xml version="1.0" encoding="UTF-8"?>
<!-- Generated by org.testng.reporters.JUnitReportReporter -->
<testsuite hostname="LAPTOP-3VF10M9V" failures="0" tests="3" name="com.TestNG.TestNGAnnotations123" time="0.014" errors="0" timestamp="2022-11-15T21:56:56 EST" skipped="0">
  <testcase classname="com.TestNG.TestNGAnnotations123" name="tEstCase7" time="0.009"/>
  <system-out/>
  <testcase classname="com.TestNG.TestNGAnnotations123" name="tEstCase7" time="0.002"/>
  <system-out/>
  <testcase classname="com.TestNG.TestNGAnnotations123" name="ValidateflipKartApplicationLoadedSuccessfully" time="0.003"/>
  <system-out/>
</testsuite> <!-- com.TestNG.TestNGAnnotations123 -->
