<?xml version="1.0" encoding="UTF-8"?>
<!-- Generated by org.testng.reporters.JUnitReportReporter -->
<testsuite hostname="LAPTOP-3VF10M9V" failures="0" tests="2" name="com.TestNG.TestingParameters1" time="6.328" errors="0" timestamp="2022-11-28T22:39:00 EST" skipped="0">
  <testcase classname="com.TestNG.TestingParameters1" name="parametercheck" time="0.004"/>
  <system-out/>
  <testcase classname="com.TestNG.TestingParameters1" name="browsercheck" time="6.324"/>
  <system-out/>
</testsuite> <!-- com.TestNG.TestingParameters1 -->
