<?xml version="1.0" encoding="UTF-8"?>
<!-- Generated by org.testng.reporters.JUnitReportReporter -->
<testsuite hostname="LAPTOP-3VF10M9V" failures="0" tests="3" name="com.TestNG.ParallelClass2" time="0.012" errors="0" timestamp="2022-11-16T22:51:11 EST" skipped="0">
  <testcase classname="com.TestNG.ParallelClass2" name="f1" time="0.009"/>
  <system-out/>
  <testcase classname="com.TestNG.ParallelClass2" name="f2" time="0.001"/>
  <system-out/>
  <testcase classname="com.TestNG.ParallelClass2" name="f3" time="0.002"/>
  <system-out/>
</testsuite> <!-- com.TestNG.ParallelClass2 -->
