<?xml version="1.0" encoding="UTF-8"?>
<!-- Generated by org.testng.reporters.JUnitReportReporter -->
<testsuite hostname="LAPTOP-3VF10M9V" failures="0" tests="3" name="com.TestNG.ParallelClass1" time="0.024" errors="0" timestamp="2023-02-16T14:09:44 EST" skipped="0">
  <testcase classname="com.TestNG.ParallelClass1" name="f3" time="0.002"/>
  <system-out/>
  <testcase classname="com.TestNG.ParallelClass1" name="f1" time="0.018"/>
  <system-out/>
  <testcase classname="com.TestNG.ParallelClass1" name="f2" time="0.004"/>
  <system-out/>
</testsuite> <!-- com.TestNG.ParallelClass1 -->
