<?xml version="1.0" encoding="UTF-8"?>
<!-- Generated by org.testng.reporters.JUnitReportReporter -->
<testsuite hostname="LAPTOP-3VF10M9V" failures="0" tests="2" name="com.TestNG.TestNGgroups" time="0.016" errors="0" timestamp="2022-11-15T22:11:14 EST" skipped="0">
  <testcase classname="com.TestNG.TestNGgroups" name="testcase2" time="0.014"/>
  <system-out/>
  <testcase classname="com.TestNG.TestNGgroups" name="testcase3" time="0.002"/>
  <system-out/>
</testsuite> <!-- com.TestNG.TestNGgroups -->
